# JRE version: Java(TM) SE Runtime Environment (8.0_171-b11) (build 1.8.0_171-b11)
# Java VM: Java HotSpot(TM) 64-Bit Server VM (25.171-b11 mixed mode windows-amd64 compressed oops)
Heap:
 PSYoungGen      total 285696K, used 78644K [0x00000000d5c00000, 0x00000000e9180000, 0x0000000100000000)
  eden space 266240K, 26% used [0x00000000d5c00000,0x00000000d9fc9430,0x00000000e6000000)
  from space 19456K, 47% used [0x00000000e6000000,0x00000000e6903c00,0x00000000e7300000)
  to   space 17408K, 0% used [0x00000000e7300000,0x00000000e7300000,0x00000000e8400000)
 ParOldGen       total 192000K, used 94791K [0x0000000081400000, 0x000000008cf80000, 0x00000000d5c00000)
  object space 192000K, 49% used [0x0000000081400000,0x0000000087091fe0,0x000000008cf80000)
 Metaspace       used 60162K, capacity 63434K, committed 63704K, reserved 1103872K
  class space    used 8129K, capacity 8849K, committed 8960K, reserved 1048576K
GC Heap History (10 events):
Event: 3.296 GC heap before
{Heap before GC invocations=10 (full 2):
 PSYoungGen      total 214528K, used 12267K [0x00000000d5c00000, 0x00000000e5400000, 0x0000000100000000)
  eden space 202240K, 0% used [0x00000000d5c00000,0x00000000d5c00000,0x00000000e2180000)
  from space 12288K, 99% used [0x00000000e3080000,0x00000000e3c7ad58,0x00000000e3c80000)
  to   space 15360K, 0% used [0x00000000e2180000,0x00000000e2180000,0x00000000e3080000)
 ParOldGen       total 53248K, used 14186K [0x0000000081400000, 0x0000000084800000, 0x00000000d5c00000)
  object space 53248K, 26% used [0x0000000081400000,0x00000000821daaa8,0x0000000084800000)
 Metaspace       used 34119K, capacity 35368K, committed 35416K, reserved 1079296K
  class space    used 4458K, capacity 4708K, committed 4736K, reserved 1048576K
Event: 3.351 GC heap after
Heap after GC invocations=10 (full 2):
 PSYoungGen      total 214528K, used 0K [0x00000000d5c00000, 0x00000000e5400000, 0x0000000100000000)
  eden space 202240K, 0% used [0x00000000d5c00000,0x00000000d5c00000,0x00000000e2180000)
  from space 12288K, 0% used [0x00000000e3080000,0x00000000e3080000,0x00000000e3c80000)
  to   space 15360K, 0% used [0x00000000e2180000,0x00000000e2180000,0x00000000e3080000)
 ParOldGen       total 79360K, used 18988K [0x0000000081400000, 0x0000000086180000, 0x00000000d5c00000)
  object space 79360K, 23% used [0x0000000081400000,0x000000008268b168,0x0000000086180000)
 Metaspace       used 34119K, capacity 35368K, committed 35416K, reserved 1079296K
  class space    used 4458K, capacity 4708K, committed 4736K, reserved 1048576K
}
Event: 5.094 GC heap before
{Heap before GC invocations=11 (full 2):
 PSYoungGen      total 214528K, used 202240K [0x00000000d5c00000, 0x00000000e5400000, 0x0000000100000000)
  eden space 202240K, 100% used [0x00000000d5c00000,0x00000000e2180000,0x00000000e2180000)
  from space 12288K, 0% used [0x00000000e3080000,0x00000000e3080000,0x00000000e3c80000)
  to   space 15360K, 0% used [0x00000000e2180000,0x00000000e2180000,0x00000000e3080000)
 ParOldGen       total 79360K, used 18988K [0x0000000081400000, 0x0000000086180000, 0x00000000d5c00000)
  object space 79360K, 23% used [0x0000000081400000,0x000000008268b168,0x0000000086180000)
 Metaspace       used 47451K, capacity 49504K, committed 49624K, reserved 1091584K
  class space    used 6244K, capacity 6822K, committed 6912K, reserved 1048576K
Event: 5.107 GC heap after
Heap after GC invocations=11 (full 2):
 PSYoungGen      total 217600K, used 15345K [0x00000000d5c00000, 0x00000000e8400000, 0x0000000100000000)
  eden space 202240K, 0% used [0x00000000d5c00000,0x00000000d5c00000,0x00000000e2180000)
  from space 15360K, 99% used [0x00000000e2180000,0x00000000e307c630,0x00000000e3080000)
  to   space 17408K, 0% used [0x00000000e7300000,0x00000000e7300000,0x00000000e8400000)
 ParOldGen       total 79360K, used 19364K [0x0000000081400000, 0x0000000086180000, 0x00000000d5c00000)
  object space 79360K, 24% used [0x0000000081400000,0x00000000826e91c0,0x0000000086180000)
 Metaspace       used 47451K, capacity 49504K, committed 49624K, reserved 1091584K
  class space    used 6244K, capacity 6822K, committed 6912K, reserved 1048576K
}
Event: 6.661 GC heap before
{Heap before GC invocations=12 (full 2):
 PSYoungGen      total 217600K, used 217585K [0x00000000d5c00000, 0x00000000e8400000, 0x0000000100000000)
  eden space 202240K, 100% used [0x00000000d5c00000,0x00000000e2180000,0x00000000e2180000)
  from space 15360K, 99% used [0x00000000e2180000,0x00000000e307c630,0x00000000e3080000)
  to   space 17408K, 0% used [0x00000000e7300000,0x00000000e7300000,0x00000000e8400000)
 ParOldGen       total 79360K, used 19364K [0x0000000081400000, 0x0000000086180000, 0x00000000d5c00000)
  object space 79360K, 24% used [0x0000000081400000,0x00000000826e91c0,0x0000000086180000)
 Metaspace       used 55653K, capacity 58428K, committed 58584K, reserved 1099776K
  class space    used 7460K, capacity 8104K, committed 8192K, reserved 1048576K
Event: 6.786 GC heap after
Heap after GC invocations=12 (full 2):
 PSYoungGen      total 283648K, used 15578K [0x00000000d5c00000, 0x00000000e9180000, 0x0000000100000000)
  eden space 266240K, 0% used [0x00000000d5c00000,0x00000000d5c00000,0x00000000e6000000)
  from space 17408K, 89% used [0x00000000e7300000,0x00000000e8236bf0,0x00000000e8400000)
  to   space 19456K, 0% used [0x00000000e6000000,0x00000000e6000000,0x00000000e7300000)
 ParOldGen       total 96256K, used 84908K [0x0000000081400000, 0x0000000087200000, 0x00000000d5c00000)
  object space 96256K, 88% used [0x0000000081400000,0x00000000866eb200,0x0000000087200000)
 Metaspace       used 55653K, capacity 58428K, committed 58584K, reserved 1099776K
  class space    used 7460K, capacity 8104K, committed 8192K, reserved 1048576K
}
Event: 6.786 GC heap before
{Heap before GC invocations=13 (full 3):
 PSYoungGen      total 283648K, used 15578K [0x00000000d5c00000, 0x00000000e9180000, 0x0000000100000000)
  eden space 266240K, 0% used [0x00000000d5c00000,0x00000000d5c00000,0x00000000e6000000)
  from space 17408K, 89% used [0x00000000e7300000,0x00000000e8236bf0,0x00000000e8400000)
  to   space 19456K, 0% used [0x00000000e6000000,0x00000000e6000000,0x00000000e7300000)
 ParOldGen       total 96256K, used 84908K [0x0000000081400000, 0x0000000087200000, 0x00000000d5c00000)
  object space 96256K, 88% used [0x0000000081400000,0x00000000866eb200,0x0000000087200000)
 Metaspace       used 55653K, capacity 58428K, committed 58584K, reserved 1099776K
  class space    used 7460K, capacity 8104K, committed 8192K, reserved 1048576K
Event: 6.883 GC heap after
Heap after GC invocations=13 (full 3):
 PSYoungGen      total 283648K, used 0K [0x00000000d5c00000, 0x00000000e9180000, 0x0000000100000000)
  eden space 266240K, 0% used [0x00000000d5c00000,0x00000000d5c00000,0x00000000e6000000)
  from space 17408K, 0% used [0x00000000e7300000,0x00000000e7300000,0x00000000e8400000)
  to   space 19456K, 0% used [0x00000000e6000000,0x00000000e6000000,0x00000000e7300000)
 ParOldGen       total 192000K, used 94783K [0x0000000081400000, 0x000000008cf80000, 0x00000000d5c00000)
  object space 192000K, 49% used [0x0000000081400000,0x000000008708ffe0,0x000000008cf80000)
 Metaspace       used 55653K, capacity 58428K, committed 58584K, reserved 1099776K
  class space    used 7460K, capacity 8104K, committed 8192K, reserved 1048576K
}
Event: 8.859 GC heap before
{Heap before GC invocations=14 (full 3):
 PSYoungGen      total 283648K, used 266240K [0x00000000d5c00000, 0x00000000e9180000, 0x0000000100000000)
  eden space 266240K, 100% used [0x00000000d5c00000,0x00000000e6000000,0x00000000e6000000)
  from space 17408K, 0% used [0x00000000e7300000,0x00000000e7300000,0x00000000e8400000)
  to   space 19456K, 0% used [0x00000000e6000000,0x00000000e6000000,0x00000000e7300000)
 ParOldGen       total 192000K, used 94783K [0x0000000081400000, 0x000000008cf80000, 0x00000000d5c00000)
  object space 192000K, 49% used [0x0000000081400000,0x000000008708ffe0,0x000000008cf80000)
 Metaspace       used 59456K, capacity 62756K, committed 63064K, reserved 1103872K
  class space    used 8053K, capacity 8776K, committed 8832K, reserved 1048576K
Event: 8.876 GC heap after
Heap after GC invocations=14 (full 3):
 PSYoungGen      total 285696K, used 9231K [0x00000000d5c00000, 0x00000000e9180000, 0x0000000100000000)
  eden space 266240K, 0% used [0x00000000d5c00000,0x00000000d5c00000,0x00000000e6000000)
  from space 19456K, 47% used [0x00000000e6000000,0x00000000e6903c00,0x00000000e7300000)
  to   space 17408K, 0% used [0x00000000e7300000,0x00000000e7300000,0x00000000e8400000)
 ParOldGen       total 192000K, used 94791K [0x0000000081400000, 0x000000008cf80000, 0x00000000d5c00000)
  object space 192000K, 49% used [0x0000000081400000,0x0000000087091fe0,0x000000008cf80000)
 Metaspace       used 59456K, capacity 62756K, committed 63064K, reserved 1103872K
  class space    used 8053K, capacity 8776K, committed 8832K, reserved 1048576K
}

