# JRE version: Java(TM) SE Runtime Environment (8.0_171-b11) (build 1.8.0_171-b11)
# Java VM: Java HotSpot(TM) 64-Bit Server VM (25.171-b11 mixed mode windows-amd64 compressed oops)
Heap:
 PSYoungGen      total 128000K, used 7907K [0x00000000d5c00000, 0x00000000dec80000, 0x0000000100000000)
  eden space 122368K, 1% used [0x00000000d5c00000,0x00000000d5e40d60,0x00000000dd380000)
  from space 5632K, 99% used [0x00000000de700000,0x00000000dec78090,0x00000000dec80000)
  to   space 8704K, 0% used [0x00000000ddb80000,0x00000000ddb80000,0x00000000de400000)
 ParOldGen       total 50688K, used 31304K [0x0000000081400000, 0x0000000084580000, 0x00000000d5c00000)
  object space 50688K, 61% used [0x0000000081400000,0x0000000083292078,0x0000000084580000)
 Metaspace       used 55546K, capacity 58110K, committed 58328K, reserved 1099776K
  class space    used 7493K, capacity 8145K, committed 8192K, reserved 1048576K
GC Heap History (10 events):
Event: 5.151 GC heap before
{Heap before GC invocations=10 (full 1):
 PSYoungGen      total 128000K, used 13625K [0x00000000d5c00000, 0x00000000dec80000, 0x0000000100000000)
  eden space 122368K, 6% used [0x00000000d5c00000,0x00000000d63d1510,0x00000000dd380000)
  from space 5632K, 99% used [0x00000000de700000,0x00000000dec7d020,0x00000000dec80000)
  to   space 8704K, 0% used [0x00000000ddb80000,0x00000000ddb80000,0x00000000de400000)
 ParOldGen       total 50688K, used 21223K [0x0000000081400000, 0x0000000084580000, 0x00000000d5c00000)
  object space 50688K, 41% used [0x0000000081400000,0x00000000828b9e48,0x0000000084580000)
 Metaspace       used 34041K, capacity 35352K, committed 35416K, reserved 1079296K
  class space    used 4455K, capacity 4718K, committed 4736K, reserved 1048576K
Event: 5.159 GC heap after
Heap after GC invocations=10 (full 1):
 PSYoungGen      total 131072K, used 5296K [0x00000000d5c00000, 0x00000000dec80000, 0x0000000100000000)
  eden space 122368K, 0% used [0x00000000d5c00000,0x00000000d5c00000,0x00000000dd380000)
  from space 8704K, 60% used [0x00000000ddb80000,0x00000000de0ac1f8,0x00000000de400000)
  to   space 5632K, 0% used [0x00000000de700000,0x00000000de700000,0x00000000dec80000)
 ParOldGen       total 50688K, used 21939K [0x0000000081400000, 0x0000000084580000, 0x00000000d5c00000)
  object space 50688K, 43% used [0x0000000081400000,0x000000008296ce68,0x0000000084580000)
 Metaspace       used 34041K, capacity 35352K, committed 35416K, reserved 1079296K
  class space    used 4455K, capacity 4718K, committed 4736K, reserved 1048576K
}
Event: 5.159 GC heap before
{Heap before GC invocations=11 (full 2):
 PSYoungGen      total 131072K, used 5296K [0x00000000d5c00000, 0x00000000dec80000, 0x0000000100000000)
  eden space 122368K, 0% used [0x00000000d5c00000,0x00000000d5c00000,0x00000000dd380000)
  from space 8704K, 60% used [0x00000000ddb80000,0x00000000de0ac1f8,0x00000000de400000)
  to   space 5632K, 0% used [0x00000000de700000,0x00000000de700000,0x00000000dec80000)
 ParOldGen       total 50688K, used 21939K [0x0000000081400000, 0x0000000084580000, 0x00000000d5c00000)
  object space 50688K, 43% used [0x0000000081400000,0x000000008296ce68,0x0000000084580000)
 Metaspace       used 34041K, capacity 35352K, committed 35416K, reserved 1079296K
  class space    used 4455K, capacity 4718K, committed 4736K, reserved 1048576K
Event: 5.225 GC heap after
Heap after GC invocations=11 (full 2):
 PSYoungGen      total 131072K, used 0K [0x00000000d5c00000, 0x00000000dec80000, 0x0000000100000000)
  eden space 122368K, 0% used [0x00000000d5c00000,0x00000000d5c00000,0x00000000dd380000)
  from space 8704K, 0% used [0x00000000ddb80000,0x00000000ddb80000,0x00000000de400000)
  to   space 5632K, 0% used [0x00000000de700000,0x00000000de700000,0x00000000dec80000)
 ParOldGen       total 50688K, used 16629K [0x0000000081400000, 0x0000000084580000, 0x00000000d5c00000)
  object space 50688K, 32% used [0x0000000081400000,0x000000008243d728,0x0000000084580000)
 Metaspace       used 34041K, capacity 35352K, committed 35416K, reserved 1079296K
  class space    used 4455K, capacity 4718K, committed 4736K, reserved 1048576K
}
Event: 5.806 GC heap before
{Heap before GC invocations=12 (full 2):
 PSYoungGen      total 131072K, used 122368K [0x00000000d5c00000, 0x00000000dec80000, 0x0000000100000000)
  eden space 122368K, 100% used [0x00000000d5c00000,0x00000000dd380000,0x00000000dd380000)
  from space 8704K, 0% used [0x00000000ddb80000,0x00000000ddb80000,0x00000000de400000)
  to   space 5632K, 0% used [0x00000000de700000,0x00000000de700000,0x00000000dec80000)
 ParOldGen       total 50688K, used 16629K [0x0000000081400000, 0x0000000084580000, 0x00000000d5c00000)
  object space 50688K, 32% used [0x0000000081400000,0x000000008243d728,0x0000000084580000)
 Metaspace       used 36276K, capacity 37936K, committed 38104K, reserved 1083392K
  class space    used 4760K, capacity 5062K, committed 5120K, reserved 1048576K
Event: 5.817 GC heap after
Heap after GC invocations=12 (full 2):
 PSYoungGen      total 128000K, used 4431K [0x00000000d5c00000, 0x00000000dec80000, 0x0000000100000000)
  eden space 122368K, 0% used [0x00000000d5c00000,0x00000000d5c00000,0x00000000dd380000)
  from space 5632K, 78% used [0x00000000de700000,0x00000000deb53e08,0x00000000dec80000)
  to   space 8704K, 0% used [0x00000000ddb80000,0x00000000ddb80000,0x00000000de400000)
 ParOldGen       total 50688K, used 16637K [0x0000000081400000, 0x0000000084580000, 0x00000000d5c00000)
  object space 50688K, 32% used [0x0000000081400000,0x000000008243f728,0x0000000084580000)
 Metaspace       used 36276K, capacity 37936K, committed 38104K, reserved 1083392K
  class space    used 4760K, capacity 5062K, committed 5120K, reserved 1048576K
}
Event: 7.135 GC heap before
{Heap before GC invocations=13 (full 2):
 PSYoungGen      total 128000K, used 126799K [0x00000000d5c00000, 0x00000000dec80000, 0x0000000100000000)
  eden space 122368K, 100% used [0x00000000d5c00000,0x00000000dd380000,0x00000000dd380000)
  from space 5632K, 78% used [0x00000000de700000,0x00000000deb53e08,0x00000000dec80000)
  to   space 8704K, 0% used [0x00000000ddb80000,0x00000000ddb80000,0x00000000de400000)
 ParOldGen       total 50688K, used 16637K [0x0000000081400000, 0x0000000084580000, 0x00000000d5c00000)
  object space 50688K, 32% used [0x0000000081400000,0x000000008243f728,0x0000000084580000)
 Metaspace       used 44503K, capacity 46504K, committed 46680K, reserved 1089536K
  class space    used 5827K, capacity 6260K, committed 6272K, reserved 1048576K
Event: 7.144 GC heap after
Heap after GC invocations=13 (full 2):
 PSYoungGen      total 131072K, used 8689K [0x00000000d5c00000, 0x00000000dec80000, 0x0000000100000000)
  eden space 122368K, 0% used [0x00000000d5c00000,0x00000000d5c00000,0x00000000dd380000)
  from space 8704K, 99% used [0x00000000ddb80000,0x00000000de3fc5a8,0x00000000de400000)
  to   space 5632K, 0% used [0x00000000de700000,0x00000000de700000,0x00000000dec80000)
 ParOldGen       total 50688K, used 21242K [0x0000000081400000, 0x0000000084580000, 0x00000000d5c00000)
  object space 50688K, 41% used [0x0000000081400000,0x00000000828be9b8,0x0000000084580000)
 Metaspace       used 44503K, capacity 46504K, committed 46680K, reserved 1089536K
  class space    used 5827K, capacity 6260K, committed 6272K, reserved 1048576K
}
Event: 10.289 GC heap before
{Heap before GC invocations=14 (full 2):
 PSYoungGen      total 131072K, used 131057K [0x00000000d5c00000, 0x00000000dec80000, 0x0000000100000000)
  eden space 122368K, 100% used [0x00000000d5c00000,0x00000000dd380000,0x00000000dd380000)
  from space 8704K, 99% used [0x00000000ddb80000,0x00000000de3fc5a8,0x00000000de400000)
  to   space 5632K, 0% used [0x00000000de700000,0x00000000de700000,0x00000000dec80000)
 ParOldGen       total 50688K, used 21242K [0x0000000081400000, 0x0000000084580000, 0x00000000d5c00000)
  object space 50688K, 41% used [0x0000000081400000,0x00000000828be9b8,0x0000000084580000)
 Metaspace       used 55411K, capacity 57888K, committed 58072K, reserved 1099776K
  class space    used 7477K, capacity 8136K, committed 8192K, reserved 1048576K
Event: 10.301 GC heap after
Heap after GC invocations=14 (full 2):
 PSYoungGen      total 128000K, used 5600K [0x00000000d5c00000, 0x00000000dec80000, 0x0000000100000000)
  eden space 122368K, 0% used [0x00000000d5c00000,0x00000000d5c00000,0x00000000dd380000)
  from space 5632K, 99% used [0x00000000de700000,0x00000000dec78090,0x00000000dec80000)
  to   space 8704K, 0% used [0x00000000ddb80000,0x00000000ddb80000,0x00000000de400000)
 ParOldGen       total 50688K, used 31304K [0x0000000081400000, 0x0000000084580000, 0x00000000d5c00000)
  object space 50688K, 61% used [0x0000000081400000,0x0000000083292078,0x0000000084580000)
 Metaspace       used 55411K, capacity 57888K, committed 58072K, reserved 1099776K
  class space    used 7477K, capacity 8136K, committed 8192K, reserved 1048576K
}

