# JRE version: Java(TM) SE Runtime Environment (8.0_171-b11) (build 1.8.0_171-b11)
# Java VM: Java HotSpot(TM) 64-Bit Server VM (25.171-b11 mixed mode windows-amd64 compressed oops)
Heap:
 PSYoungGen      total 188928K, used 2792K [0x00000000d5c00000, 0x00000000e4400000, 0x0000000100000000)
  eden space 174592K, 1% used [0x00000000d5c00000,0x00000000d5eba190,0x00000000e0680000)
  from space 14336K, 0% used [0x00000000e0680000,0x00000000e0680000,0x00000000e1480000)
  to   space 11264K, 0% used [0x00000000e1480000,0x00000000e1480000,0x00000000e1f80000)
 ParOldGen       total 88576K, used 16971K [0x0000000081400000, 0x0000000086a80000, 0x00000000d5c00000)
  object space 88576K, 19% used [0x0000000081400000,0x0000000082492ef0,0x0000000086a80000)
 Metaspace       used 34615K, capacity 35912K, committed 36056K, reserved 1081344K
  class space    used 4483K, capacity 4750K, committed 4864K, reserved 1048576K
GC Heap History (10 events):
Event: 2.210 GC heap after
Heap after GC invocations=7 (full 1):
 PSYoungGen      total 115200K, used 5833K [0x00000000d5c00000, 0x00000000ded00000, 0x0000000100000000)
  eden space 109056K, 0% used [0x00000000d5c00000,0x00000000d5c00000,0x00000000dc680000)
  from space 6144K, 94% used [0x00000000de700000,0x00000000decb2608,0x00000000ded00000)
  to   space 8704K, 0% used [0x00000000ddc00000,0x00000000ddc00000,0x00000000de480000)
 ParOldGen       total 56832K, used 9045K [0x0000000081400000, 0x0000000084b80000, 0x00000000d5c00000)
  object space 56832K, 15% used [0x0000000081400000,0x0000000081cd5618,0x0000000084b80000)
 Metaspace       used 26393K, capacity 27166K, committed 27392K, reserved 1073152K
  class space    used 3356K, capacity 3531K, committed 3584K, reserved 1048576K
}
Event: 2.963 GC heap before
{Heap before GC invocations=8 (full 1):
 PSYoungGen      total 115200K, used 114889K [0x00000000d5c00000, 0x00000000ded00000, 0x0000000100000000)
  eden space 109056K, 100% used [0x00000000d5c00000,0x00000000dc680000,0x00000000dc680000)
  from space 6144K, 94% used [0x00000000de700000,0x00000000decb2608,0x00000000ded00000)
  to   space 8704K, 0% used [0x00000000ddc00000,0x00000000ddc00000,0x00000000de480000)
 ParOldGen       total 56832K, used 9045K [0x0000000081400000, 0x0000000084b80000, 0x00000000d5c00000)
  object space 56832K, 15% used [0x0000000081400000,0x0000000081cd5618,0x0000000084b80000)
 Metaspace       used 29995K, capacity 31042K, committed 31232K, reserved 1077248K
  class space    used 3857K, capacity 4087K, committed 4096K, reserved 1048576K
Event: 2.984 GC heap after
Heap after GC invocations=8 (full 1):
 PSYoungGen      total 139776K, used 8701K [0x00000000d5c00000, 0x00000000e1f80000, 0x0000000100000000)
  eden space 131072K, 0% used [0x00000000d5c00000,0x00000000d5c00000,0x00000000ddc00000)
  from space 8704K, 99% used [0x00000000ddc00000,0x00000000de47f640,0x00000000de480000)
  to   space 11264K, 0% used [0x00000000e1480000,0x00000000e1480000,0x00000000e1f80000)
 ParOldGen       total 56832K, used 11607K [0x0000000081400000, 0x0000000084b80000, 0x00000000d5c00000)
  object space 56832K, 20% used [0x0000000081400000,0x0000000081f55c30,0x0000000084b80000)
 Metaspace       used 29995K, capacity 31042K, committed 31232K, reserved 1077248K
  class space    used 3857K, capacity 4087K, committed 4096K, reserved 1048576K
}
Event: 3.910 GC heap before
{Heap before GC invocations=9 (full 1):
 PSYoungGen      total 139776K, used 134549K [0x00000000d5c00000, 0x00000000e1f80000, 0x0000000100000000)
  eden space 131072K, 96% used [0x00000000d5c00000,0x00000000dd6e5ea8,0x00000000ddc00000)
  from space 8704K, 99% used [0x00000000ddc00000,0x00000000de47f640,0x00000000de480000)
  to   space 11264K, 0% used [0x00000000e1480000,0x00000000e1480000,0x00000000e1f80000)
 ParOldGen       total 56832K, used 11607K [0x0000000081400000, 0x0000000084b80000, 0x00000000d5c00000)
  object space 56832K, 20% used [0x0000000081400000,0x0000000081f55c30,0x0000000084b80000)
 Metaspace       used 34077K, capacity 35332K, committed 35416K, reserved 1079296K
  class space    used 4416K, capacity 4676K, committed 4736K, reserved 1048576K
Event: 3.923 GC heap after
Heap after GC invocations=9 (full 1):
 PSYoungGen      total 185856K, used 11252K [0x00000000d5c00000, 0x00000000e4400000, 0x0000000100000000)
  eden space 174592K, 0% used [0x00000000d5c00000,0x00000000d5c00000,0x00000000e0680000)
  from space 11264K, 99% used [0x00000000e1480000,0x00000000e1f7d020,0x00000000e1f80000)
  to   space 14336K, 0% used [0x00000000e0680000,0x00000000e0680000,0x00000000e1480000)
 ParOldGen       total 56832K, used 14624K [0x0000000081400000, 0x0000000084b80000, 0x00000000d5c00000)
  object space 56832K, 25% used [0x0000000081400000,0x0000000082248000,0x0000000084b80000)
 Metaspace       used 34077K, capacity 35332K, committed 35416K, reserved 1079296K
  class space    used 4416K, capacity 4676K, committed 4736K, reserved 1048576K
}
Event: 3.923 GC heap before
{Heap before GC invocations=10 (full 2):
 PSYoungGen      total 185856K, used 11252K [0x00000000d5c00000, 0x00000000e4400000, 0x0000000100000000)
  eden space 174592K, 0% used [0x00000000d5c00000,0x00000000d5c00000,0x00000000e0680000)
  from space 11264K, 99% used [0x00000000e1480000,0x00000000e1f7d020,0x00000000e1f80000)
  to   space 14336K, 0% used [0x00000000e0680000,0x00000000e0680000,0x00000000e1480000)
 ParOldGen       total 56832K, used 14624K [0x0000000081400000, 0x0000000084b80000, 0x00000000d5c00000)
  object space 56832K, 25% used [0x0000000081400000,0x0000000082248000,0x0000000084b80000)
 Metaspace       used 34077K, capacity 35332K, committed 35416K, reserved 1079296K
  class space    used 4416K, capacity 4676K, committed 4736K, reserved 1048576K
Event: 3.980 GC heap after
Heap after GC invocations=10 (full 2):
 PSYoungGen      total 185856K, used 0K [0x00000000d5c00000, 0x00000000e4400000, 0x0000000100000000)
  eden space 174592K, 0% used [0x00000000d5c00000,0x00000000d5c00000,0x00000000e0680000)
  from space 11264K, 0% used [0x00000000e1480000,0x00000000e1480000,0x00000000e1f80000)
  to   space 14336K, 0% used [0x00000000e0680000,0x00000000e0680000,0x00000000e1480000)
 ParOldGen       total 88576K, used 18595K [0x0000000081400000, 0x0000000086a80000, 0x00000000d5c00000)
  object space 88576K, 20% used [0x0000000081400000,0x0000000082628e78,0x0000000086a80000)
 Metaspace       used 34077K, capacity 35332K, committed 35416K, reserved 1079296K
  class space    used 4416K, capacity 4676K, committed 4736K, reserved 1048576K
}
Event: 4.166 GC heap before
{Heap before GC invocations=11 (full 2):
 PSYoungGen      total 185856K, used 30802K [0x00000000d5c00000, 0x00000000e4400000, 0x0000000100000000)
  eden space 174592K, 17% used [0x00000000d5c00000,0x00000000d7a14ac8,0x00000000e0680000)
  from space 11264K, 0% used [0x00000000e1480000,0x00000000e1480000,0x00000000e1f80000)
  to   space 14336K, 0% used [0x00000000e0680000,0x00000000e0680000,0x00000000e1480000)
 ParOldGen       total 88576K, used 18595K [0x0000000081400000, 0x0000000086a80000, 0x00000000d5c00000)
  object space 88576K, 20% used [0x0000000081400000,0x0000000082628e78,0x0000000086a80000)
 Metaspace       used 34587K, capacity 35880K, committed 35928K, reserved 1081344K
  class space    used 4478K, capacity 4718K, committed 4736K, reserved 1048576K
Event: 4.173 GC heap after
Heap after GC invocations=11 (full 2):
 PSYoungGen      total 188928K, used 1276K [0x00000000d5c00000, 0x00000000e4400000, 0x0000000100000000)
  eden space 174592K, 0% used [0x00000000d5c00000,0x00000000d5c00000,0x00000000e0680000)
  from space 14336K, 8% used [0x00000000e0680000,0x00000000e07bf0c0,0x00000000e1480000)
  to   space 11264K, 0% used [0x00000000e1480000,0x00000000e1480000,0x00000000e1f80000)
 ParOldGen       total 88576K, used 18603K [0x0000000081400000, 0x0000000086a80000, 0x00000000d5c00000)
  object space 88576K, 21% used [0x0000000081400000,0x000000008262ae78,0x0000000086a80000)
 Metaspace       used 34587K, capacity 35880K, committed 35928K, reserved 1081344K
  class space    used 4478K, capacity 4718K, committed 4736K, reserved 1048576K
}
Event: 4.173 GC heap before
{Heap before GC invocations=12 (full 3):
 PSYoungGen      total 188928K, used 1276K [0x00000000d5c00000, 0x00000000e4400000, 0x0000000100000000)
  eden space 174592K, 0% used [0x00000000d5c00000,0x00000000d5c00000,0x00000000e0680000)
  from space 14336K, 8% used [0x00000000e0680000,0x00000000e07bf0c0,0x00000000e1480000)
  to   space 11264K, 0% used [0x00000000e1480000,0x00000000e1480000,0x00000000e1f80000)
 ParOldGen       total 88576K, used 18603K [0x0000000081400000, 0x0000000086a80000, 0x00000000d5c00000)
  object space 88576K, 21% used [0x0000000081400000,0x000000008262ae78,0x0000000086a80000)
 Metaspace       used 34587K, capacity 35880K, committed 35928K, reserved 1081344K
  class space    used 4478K, capacity 4718K, committed 4736K, reserved 1048576K

